TN:
SF:D:\Workspace\Home\vue-plugin-generator\example\test\unit\index.js
FNF:0
FNH:0
DA:3,2
DA:6,2
DA:7,2
DA:12,1
DA:13,1
LF:5
LH:5
BRF:0
BRH:0
end_of_record
TN:
SF:D:\Workspace\Home\vue-plugin-generator\example\test\unit\specs\Hello.spec.js
FN:4,(anonymous_0)
FN:5,(anonymous_1)
FNF:2
FNH:2
FNDA:2,(anonymous_0)
FNDA:2,(anonymous_1)
DA:4,2
DA:5,2
DA:6,2
DA:7,1
DA:8,1
LF:5
LH:5
BRF:0
BRH:0
end_of_record
TN:
SF:D:\Workspace\Home\vue-plugin-generator\example\src\components\Hello.vue
FNF:0
FNH:0
DA:27,2
LF:1
LH:1
BRF:0
BRH:0
end_of_record
TN:
SF:D:\Workspace\Home\vue-plugin-generator\example\src\App.vue
FNF:0
FNH:0
LF:0
LH:0
BRF:0
BRH:0
end_of_record
