TN:
SF:D:\Workspace\Home\vue-plugin-generator\example\test\unit\index.js
FNF:0
FNH:0
DA:3,1
DA:6,1
DA:7,1
DA:12,1
DA:13,1
LF:5
LH:5
BRF:0
BRH:0
end_of_record
TN:
SF:D:\Workspace\Home\vue-plugin-generator\example\test\unit\specs\Hello.spec.js
FN:4,(anonymous_0)
FN:5,(anonymous_1)
FNF:2
FNH:2
FNDA:1,(anonymous_0)
FNDA:1,(anonymous_1)
DA:4,1
DA:5,1
DA:6,1
DA:7,1
DA:8,1
DA:9,1
LF:6
LH:6
BRF:0
BRH:0
end_of_record
TN:
SF:D:\Workspace\Home\vue-plugin-generator\example\src\App.vue
FN:274,(anonymous_0)
FN:274,(anonymous_1)
FN:275,(anonymous_2)
FN:289,(anonymous_3)
FN:289,(anonymous_4)
FN:290,(anonymous_5)
FN:315,(anonymous_6)
FN:316,(anonymous_7)
FN:318,(anonymous_8)
FN:324,(anonymous_9)
FN:346,(anonymous_10)
FN:348,(anonymous_11)
FNF:12
FNH:0
FNDA:0,(anonymous_0)
FNDA:0,(anonymous_1)
FNDA:0,(anonymous_2)
FNDA:0,(anonymous_3)
FNDA:0,(anonymous_4)
FNDA:0,(anonymous_5)
FNDA:0,(anonymous_6)
FNDA:0,(anonymous_7)
FNDA:0,(anonymous_8)
FNDA:0,(anonymous_9)
FNDA:0,(anonymous_10)
FNDA:0,(anonymous_11)
DA:183,1
DA:206,1
DA:219,1
DA:220,1
DA:229,0
DA:230,0
DA:238,0
DA:239,0
DA:247,0
DA:248,0
DA:256,0
DA:259,0
DA:261,0
DA:271,0
DA:272,0
DA:274,0
DA:275,0
DA:287,0
DA:289,0
DA:290,0
DA:305,0
DA:309,0
DA:315,0
DA:316,0
DA:319,0
DA:320,0
DA:325,0
DA:326,0
DA:334,0
DA:340,0
DA:346,0
DA:349,0
DA:350,0
DA:359,0
DA:361,0
DA:372,0
LF:36
LH:4
BRF:0
BRH:0
end_of_record
TN:
SF:D:\Workspace\Home\vue-plugin-generator\src\Snotify.vue
FN:46,(anonymous_0)
FN:50,(anonymous_1)
FN:52,(anonymous_2)
FN:57,(anonymous_3)
FN:64,(anonymous_4)
FNF:5
FNH:0
FNDA:0,(anonymous_0)
FNDA:0,(anonymous_1)
FNDA:0,(anonymous_2)
FNDA:0,(anonymous_3)
FNDA:0,(anonymous_4)
DA:19,0
DA:27,0
DA:28,0
DA:29,0
DA:30,0
DA:31,0
DA:33,0
DA:34,0
DA:35,0
DA:36,0
DA:44,0
DA:46,0
DA:47,0
DA:50,0
DA:51,0
DA:52,0
DA:54,0
DA:55,0
DA:56,0
DA:57,0
DA:58,0
DA:62,0
DA:63,0
DA:64,0
DA:65,0
LF:25
LH:0
BRDA:27,0,0,0
BRDA:27,0,1,0
BRDA:54,1,0,0
BRDA:54,1,1,0
BRDA:55,2,0,0
BRDA:55,2,1,0
BRDA:62,3,0,0
BRDA:62,3,1,0
BRF:8
BRH:0
end_of_record
TN:
SF:D:\Workspace\Home\vue-plugin-generator\src\components\Toast.vue
FN:104,(anonymous_0)
FN:115,(anonymous_1)
FN:125,(anonymous_2)
FN:128,(anonymous_3)
FN:154,(anonymous_4)
FN:159,(anonymous_5)
FN:166,(anonymous_6)
FN:167,(anonymous_7)
FNF:8
FNH:0
FNDA:0,(anonymous_0)
FNDA:0,(anonymous_1)
FNDA:0,(anonymous_2)
FNDA:0,(anonymous_3)
FNDA:0,(anonymous_4)
FNDA:0,(anonymous_5)
FNDA:0,(anonymous_6)
FNDA:0,(anonymous_7)
DA:62,0
DA:74,0
DA:75,0
DA:82,0
DA:83,0
DA:84,0
DA:86,0
DA:88,0
DA:89,0
DA:91,0
DA:92,0
DA:94,0
DA:101,0
DA:102,0
DA:103,0
DA:104,0
DA:105,0
DA:106,0
DA:107,0
DA:112,0
DA:115,0
DA:118,0
DA:121,0
DA:122,0
DA:125,0
DA:126,0
DA:127,0
DA:128,0
DA:129,0
DA:130,0
DA:135,0
DA:136,0
DA:137,0
DA:141,0
DA:142,0
DA:143,0
DA:147,0
DA:148,0
DA:150,0
DA:154,0
DA:155,0
DA:156,0
DA:159,0
DA:160,0
DA:161,0
DA:164,0
DA:167,0
DA:168,0
DA:172,0
DA:175,0
LF:50
LH:0
BRDA:82,0,0,0
BRDA:82,0,1,0
BRDA:83,1,0,0
BRDA:83,1,1,0
BRDA:88,2,0,0
BRDA:88,2,1,0
BRDA:106,3,0,0
BRDA:106,3,1,0
BRDA:136,4,0,0
BRDA:136,4,1,0
BRDA:142,5,0,0
BRDA:142,5,1,0
BRDA:147,6,0,0
BRDA:147,6,1,0
BRDA:147,7,0,0
BRDA:147,7,1,0
BRDA:155,8,0,0
BRDA:155,8,1,0
BRDA:160,9,0,0
BRDA:160,9,1,0
BRF:20
BRH:0
end_of_record
TN:
SF:D:\Workspace\Home\vue-plugin-generator\src\components\SnotifyIcon.vue
FNF:0
FNH:0
LF:0
LH:0
BRF:0
BRH:0
end_of_record
TN:
SF:D:\Workspace\Home\vue-plugin-generator\src\components\Prompt.vue
FNF:0
FNH:0
DA:18,0
DA:26,0
DA:27,0
DA:28,0
LF:4
LH:0
BRF:0
BRH:0
end_of_record
TN:
SF:D:\Workspace\Home\vue-plugin-generator\src\components\Button.vue
FNF:0
FNH:0
LF:0
LH:0
BRF:0
BRH:0
end_of_record
